<?xml version="1.0" encoding="UTF-8" ?>
<testsuites disabled="0" errors="0" failures="0" tests="6" time="3.034">
 <testsuite name="Login" timestamp="2021-09-11T12:36:38" hostname="localhost" time="3.034" errors="0" tests="6" skipped="1" disabled="0" failures="0">
  <testcase classname="Login" name="Login page loads" time="0.71" />
  <testcase classname="Login" name="Attempt login with no credentials" time="0.552" />
  <testcase classname="Login" name="Attempt login with username and without password" time="0.488" />
  <testcase classname="Login" name="Attempt login with unrecognized credentials" time="0.635" />
  <testcase classname="Login" name="Attempt login with recognized credentials" time="0.001">
   <skipped message="Temporarily disabled with xit" />
  </testcase>
  <testcase classname="Login" name="Route to registration page" time="0.648" />
 </testsuite>
</testsuites>